<?xml version="1.0" encoding="UTF-8"?>
<testsuite name="SuperMapTest" tests="1" skipped="0" failures="0" errors="0" timestamp="2021-08-05T16:19:51" hostname="btarekegn" time="0.046">
  <properties/>
  <testcase name="testSuperMapShouldBeThreadSafe()" classname="SuperMapTest" time="0.046"/>
  <system-out><![CDATA[]]></system-out>
  <system-err><![CDATA[]]></system-err>
</testsuite>
